{"/Users/miguel.zapata/Documents/U/metricas/MISW4404-Metricas-y-calidad-de-software/src/app.controller.ts": {"path":"/Users/miguel.zapata/Documents/U/metricas/MISW4404-Metricas-y-calidad-de-software/src/app.controller.ts","statementMap":{"0":{"start":{"line":1,"column":0},"end":{"line":1,"column":49}},"1":{"start":{"line":2,"column":0},"end":{"line":2,"column":43}},"2":{"start":{"line":5,"column":0},"end":{"line":12,"column":null}},"3":{"start":{"line":6,"column":31},"end":{"line":6,"column":43}},"4":{"start":{"line":10,"column":4},"end":{"line":10,"column":38}},"5":{"start":{"line":9,"column":2},"end":{"line":11,"column":null}},"6":{"start":{"line":5,"column":13},"end":{"line":12,"column":null}},"7":{"start":{"line":5,"column":13},"end":{"line":5,"column":26}}},"fnMap":{"0":{"name":"(anonymous_2)","decl":{"start":{"line":6,"column":2},"end":{"line":6,"column":31}},"loc":{"start":{"line":6,"column":53},"end":{"line":6,"column":57}}},"1":{"name":"(anonymous_3)","decl":{"start":{"line":9,"column":2},"end":{"line":9,"column":10}},"loc":{"start":{"line":9,"column":10},"end":{"line":11,"column":3}}}},"branchMap":{},"s":{"0":1,"1":1,"2":1,"3":1,"4":1,"5":1,"6":1,"7":1},"f":{"0":1,"1":1},"b":{}}
,"/Users/miguel.zapata/Documents/U/metricas/MISW4404-Metricas-y-calidad-de-software/src/app.module.ts": {"path":"/Users/miguel.zapata/Documents/U/metricas/MISW4404-Metricas-y-calidad-de-software/src/app.module.ts","statementMap":{"0":{"start":{"line":1,"column":0},"end":{"line":1,"column":40}},"1":{"start":{"line":2,"column":0},"end":{"line":2,"column":49}},"2":{"start":{"line":3,"column":0},"end":{"line":3,"column":43}},"3":{"start":{"line":4,"column":0},"end":{"line":4,"column":48}},"4":{"start":{"line":5,"column":0},"end":{"line":5,"column":69}},"5":{"start":{"line":6,"column":0},"end":{"line":6,"column":83}},"6":{"start":{"line":7,"column":0},"end":{"line":7,"column":48}},"7":{"start":{"line":8,"column":0},"end":{"line":8,"column":69}},"8":{"start":{"line":9,"column":0},"end":{"line":9,"column":48}},"9":{"start":{"line":28,"column":0},"end":{"line":28,"column":null}},"10":{"start":{"line":28,"column":13},"end":{"line":28,"column":null}},"11":{"start":{"line":28,"column":13},"end":{"line":28,"column":22}}},"fnMap":{},"branchMap":{},"s":{"0":0,"1":0,"2":0,"3":0,"4":0,"5":0,"6":0,"7":0,"8":0,"9":0,"10":0,"11":0},"f":{},"b":{}}
,"/Users/miguel.zapata/Documents/U/metricas/MISW4404-Metricas-y-calidad-de-software/src/app.service.ts": {"path":"/Users/miguel.zapata/Documents/U/metricas/MISW4404-Metricas-y-calidad-de-software/src/app.service.ts","statementMap":{"0":{"start":{"line":1,"column":0},"end":{"line":1,"column":44}},"1":{"start":{"line":4,"column":0},"end":{"line":8,"column":null}},"2":{"start":{"line":6,"column":4},"end":{"line":6,"column":26}},"3":{"start":{"line":4,"column":13},"end":{"line":8,"column":null}},"4":{"start":{"line":4,"column":13},"end":{"line":4,"column":23}}},"fnMap":{"0":{"name":"(anonymous_1)","decl":{"start":{"line":5,"column":2},"end":{"line":5,"column":10}},"loc":{"start":{"line":5,"column":10},"end":{"line":7,"column":3}}}},"branchMap":{},"s":{"0":1,"1":1,"2":1,"3":1,"4":1},"f":{"0":1},"b":{}}
,"/Users/miguel.zapata/Documents/U/metricas/MISW4404-Metricas-y-calidad-de-software/src/main.ts": {"path":"/Users/miguel.zapata/Documents/U/metricas/MISW4404-Metricas-y-calidad-de-software/src/main.ts","statementMap":{"0":{"start":{"line":1,"column":0},"end":{"line":1,"column":64}},"1":{"start":{"line":2,"column":0},"end":{"line":2,"column":43}},"2":{"start":{"line":3,"column":0},"end":{"line":3,"column":41}},"3":{"start":{"line":6,"column":14},"end":{"line":6,"column":49}},"4":{"start":{"line":7,"column":2},"end":{"line":11,"column":5}},"5":{"start":{"line":13,"column":2},"end":{"line":13,"column":43}},"6":{"start":{"line":15,"column":2},"end":{"line":15,"column":25}},"7":{"start":{"line":17,"column":0},"end":{"line":17,"column":12}}},"fnMap":{"0":{"name":"bootstrap","decl":{"start":{"line":5,"column":15},"end":{"line":5,"column":24}},"loc":{"start":{"line":5,"column":24},"end":{"line":16,"column":1}}}},"branchMap":{},"s":{"0":0,"1":0,"2":0,"3":0,"4":0,"5":0,"6":0,"7":0},"f":{"0":0},"b":{}}
,"/Users/miguel.zapata/Documents/U/metricas/MISW4404-Metricas-y-calidad-de-software/src/city/city.controller.ts": {"path":"/Users/miguel.zapata/Documents/U/metricas/MISW4404-Metricas-y-calidad-de-software/src/city/city.controller.ts","statementMap":{"0":{"start":{"line":1,"column":0},"end":{"line":1,"column":108}},"1":{"start":{"line":2,"column":0},"end":{"line":2,"column":52}},"2":{"start":{"line":3,"column":0},"end":{"line":3,"column":95}},"3":{"start":{"line":4,"column":0},"end":{"line":4,"column":37}},"4":{"start":{"line":5,"column":0},"end":{"line":5,"column":43}},"5":{"start":{"line":6,"column":0},"end":{"line":6,"column":45}},"6":{"start":{"line":10,"column":0},"end":{"line":70,"column":null}},"7":{"start":{"line":15,"column":31},"end":{"line":15,"column":44}},"8":{"start":{"line":23,"column":4},"end":{"line":23,"column":44}},"9":{"start":{"line":33,"column":4},"end":{"line":33,"column":50}},"10":{"start":{"line":44,"column":35},"end":{"line":44,"column":71}},"11":{"start":{"line":45,"column":4},"end":{"line":45,"column":53}},"12":{"start":{"line":57,"column":35},"end":{"line":57,"column":71}},"13":{"start":{"line":58,"column":4},"end":{"line":58,"column":61}},"14":{"start":{"line":68,"column":4},"end":{"line":68,"column":49}},"15":{"start":{"line":22,"column":2},"end":{"line":24,"column":null}},"16":{"start":{"line":32,"column":2},"end":{"line":34,"column":null}},"17":{"start":{"line":43,"column":2},"end":{"line":46,"column":null}},"18":{"start":{"line":56,"column":2},"end":{"line":59,"column":null}},"19":{"start":{"line":67,"column":2},"end":{"line":69,"column":null}},"20":{"start":{"line":10,"column":13},"end":{"line":70,"column":null}},"21":{"start":{"line":10,"column":13},"end":{"line":10,"column":27}}},"fnMap":{"0":{"name":"(anonymous_4)","decl":{"start":{"line":15,"column":2},"end":{"line":15,"column":31}},"loc":{"start":{"line":15,"column":55},"end":{"line":15,"column":60}}},"1":{"name":"(anonymous_5)","decl":{"start":{"line":22,"column":2},"end":{"line":22,"column":7}},"loc":{"start":{"line":22,"column":15},"end":{"line":24,"column":3}}},"2":{"name":"(anonymous_6)","decl":{"start":{"line":32,"column":2},"end":{"line":32,"column":7}},"loc":{"start":{"line":32,"column":47},"end":{"line":34,"column":3}}},"3":{"name":"(anonymous_7)","decl":{"start":{"line":43,"column":2},"end":{"line":43,"column":7}},"loc":{"start":{"line":43,"column":39},"end":{"line":46,"column":3}}},"4":{"name":"(anonymous_8)","decl":{"start":{"line":56,"column":2},"end":{"line":56,"column":7}},"loc":{"start":{"line":56,"column":72},"end":{"line":59,"column":3}}},"5":{"name":"(anonymous_9)","decl":{"start":{"line":67,"column":2},"end":{"line":67,"column":7}},"loc":{"start":{"line":67,"column":46},"end":{"line":69,"column":3}}}},"branchMap":{},"s":{"0":0,"1":0,"2":0,"3":0,"4":0,"5":0,"6":0,"7":0,"8":0,"9":0,"10":0,"11":0,"12":0,"13":0,"14":0,"15":0,"16":0,"17":0,"18":0,"19":0,"20":0,"21":0},"f":{"0":0,"1":0,"2":0,"3":0,"4":0,"5":0},"b":{}}
,"/Users/miguel.zapata/Documents/U/metricas/MISW4404-Metricas-y-calidad-de-software/src/city/city.dto.ts": {"path":"/Users/miguel.zapata/Documents/U/metricas/MISW4404-Metricas-y-calidad-de-software/src/city/city.dto.ts","statementMap":{"0":{"start":{"line":1,"column":0},"end":{"line":1,"column":65}},"1":{"start":{"line":7,"column":2},"end":{"line":7,"column":null}},"2":{"start":{"line":11,"column":2},"end":{"line":11,"column":null}},"3":{"start":{"line":15,"column":2},"end":{"line":15,"column":null}},"4":{"start":{"line":3,"column":0},"end":{"line":3,"column":13}}},"fnMap":{},"branchMap":{},"s":{"0":0,"1":0,"2":0,"3":0,"4":0},"f":{},"b":{}}
,"/Users/miguel.zapata/Documents/U/metricas/MISW4404-Metricas-y-calidad-de-software/src/city/city.entity.ts": {"path":"/Users/miguel.zapata/Documents/U/metricas/MISW4404-Metricas-y-calidad-de-software/src/city/city.entity.ts","statementMap":{"0":{"start":{"line":1,"column":0},"end":{"line":1,"column":77}},"1":{"start":{"line":2,"column":0},"end":{"line":2,"column":70}},"2":{"start":{"line":5,"column":0},"end":{"line":21,"column":null}},"3":{"start":{"line":8,"column":2},"end":{"line":8,"column":null}},"4":{"start":{"line":11,"column":2},"end":{"line":11,"column":null}},"5":{"start":{"line":14,"column":2},"end":{"line":14,"column":null}},"6":{"start":{"line":17,"column":2},"end":{"line":17,"column":null}},"7":{"start":{"line":20,"column":2},"end":{"line":20,"column":null}},"8":{"start":{"line":19,"column":20},"end":{"line":19,"column":37}},"9":{"start":{"line":19,"column":54},"end":{"line":19,"column":72}},"10":{"start":{"line":5,"column":13},"end":{"line":21,"column":null}},"11":{"start":{"line":5,"column":13},"end":{"line":5,"column":23}}},"fnMap":{"0":{"name":"(anonymous_2)","decl":{"start":{"line":19,"column":14},"end":{"line":19,"column":17}},"loc":{"start":{"line":19,"column":20},"end":{"line":19,"column":37}}},"1":{"name":"(anonymous_3)","decl":{"start":{"line":19,"column":39},"end":{"line":19,"column":50}},"loc":{"start":{"line":19,"column":54},"end":{"line":19,"column":72}}}},"branchMap":{},"s":{"0":3,"1":3,"2":3,"3":3,"4":3,"5":3,"6":3,"7":3,"8":32,"9":32,"10":3,"11":3},"f":{"0":32,"1":32},"b":{}}
,"/Users/miguel.zapata/Documents/U/metricas/MISW4404-Metricas-y-calidad-de-software/src/city/city.module.ts": {"path":"/Users/miguel.zapata/Documents/U/metricas/MISW4404-Metricas-y-calidad-de-software/src/city/city.module.ts","statementMap":{"0":{"start":{"line":1,"column":0},"end":{"line":1,"column":43}},"1":{"start":{"line":2,"column":0},"end":{"line":2,"column":45}},"2":{"start":{"line":3,"column":0},"end":{"line":3,"column":40}},"3":{"start":{"line":4,"column":0},"end":{"line":4,"column":48}},"4":{"start":{"line":5,"column":0},"end":{"line":5,"column":51}},"5":{"start":{"line":12,"column":0},"end":{"line":12,"column":null}},"6":{"start":{"line":12,"column":13},"end":{"line":12,"column":null}},"7":{"start":{"line":12,"column":13},"end":{"line":12,"column":23}}},"fnMap":{},"branchMap":{},"s":{"0":0,"1":0,"2":0,"3":0,"4":0,"5":0,"6":0,"7":0},"f":{},"b":{}}
,"/Users/miguel.zapata/Documents/U/metricas/MISW4404-Metricas-y-calidad-de-software/src/city/city.service.ts": {"path":"/Users/miguel.zapata/Documents/U/metricas/MISW4404-Metricas-y-calidad-de-software/src/city/city.service.ts","statementMap":{"0":{"start":{"line":1,"column":0},"end":{"line":1,"column":89}},"1":{"start":{"line":2,"column":0},"end":{"line":2,"column":43}},"2":{"start":{"line":3,"column":0},"end":{"line":3,"column":50}},"3":{"start":{"line":4,"column":0},"end":{"line":4,"column":44}},"4":{"start":{"line":5,"column":0},"end":{"line":5,"column":51}},"5":{"start":{"line":6,"column":0},"end":{"line":6,"column":37}},"6":{"start":{"line":9,"column":0},"end":{"line":84,"column":null}},"7":{"start":{"line":16,"column":21},"end":{"line":16,"column":37}},"8":{"start":{"line":24,"column":4},"end":{"line":24,"column":75}},"9":{"start":{"line":33,"column":29},"end":{"line":33,"column":118}},"10":{"start":{"line":34,"column":4},"end":{"line":35,"column":112}},"11":{"start":{"line":35,"column":6},"end":{"line":35,"column":112}},"12":{"start":{"line":36,"column":4},"end":{"line":36,"column":16}},"13":{"start":{"line":46,"column":4},"end":{"line":47,"column":133}},"14":{"start":{"line":47,"column":6},"end":{"line":47,"column":133}},"15":{"start":{"line":48,"column":4},"end":{"line":48,"column":54}},"16":{"start":{"line":60,"column":38},"end":{"line":60,"column":98}},"17":{"start":{"line":61,"column":4},"end":{"line":62,"column":112}},"18":{"start":{"line":62,"column":6},"end":{"line":62,"column":112}},"19":{"start":{"line":64,"column":4},"end":{"line":65,"column":133}},"20":{"start":{"line":65,"column":6},"end":{"line":65,"column":133}},"21":{"start":{"line":67,"column":4},"end":{"line":67,"column":27}},"22":{"start":{"line":69,"column":4},"end":{"line":69,"column":54}},"23":{"start":{"line":78,"column":29},"end":{"line":78,"column":89}},"24":{"start":{"line":80,"column":4},"end":{"line":81,"column":112}},"25":{"start":{"line":81,"column":6},"end":{"line":81,"column":112}},"26":{"start":{"line":82,"column":4},"end":{"line":82,"column":43}},"27":{"start":{"line":9,"column":13},"end":{"line":84,"column":null}},"28":{"start":{"line":9,"column":13},"end":{"line":9,"column":24}}},"fnMap":{"0":{"name":"(anonymous_4)","decl":{"start":{"line":14,"column":2},"end":{"line":14,"column":null}},"loc":{"start":{"line":16,"column":59},"end":{"line":17,"column":7}}},"1":{"name":"(anonymous_5)","decl":{"start":{"line":23,"column":2},"end":{"line":23,"column":7}},"loc":{"start":{"line":23,"column":15},"end":{"line":25,"column":3}}},"2":{"name":"(anonymous_6)","decl":{"start":{"line":32,"column":2},"end":{"line":32,"column":7}},"loc":{"start":{"line":32,"column":30},"end":{"line":37,"column":3}}},"3":{"name":"(anonymous_7)","decl":{"start":{"line":45,"column":2},"end":{"line":45,"column":7}},"loc":{"start":{"line":45,"column":37},"end":{"line":49,"column":3}}},"4":{"name":"(anonymous_8)","decl":{"start":{"line":58,"column":2},"end":{"line":58,"column":7}},"loc":{"start":{"line":58,"column":53},"end":{"line":70,"column":3}}},"5":{"name":"(anonymous_9)","decl":{"start":{"line":76,"column":2},"end":{"line":76,"column":7}},"loc":{"start":{"line":76,"column":29},"end":{"line":83,"column":3}}}},"branchMap":{"0":{"loc":{"start":{"line":34,"column":4},"end":{"line":35,"column":112}},"type":"if","locations":[{"start":{"line":34,"column":4},"end":{"line":35,"column":112}}]},"1":{"loc":{"start":{"line":46,"column":4},"end":{"line":47,"column":133}},"type":"if","locations":[{"start":{"line":46,"column":4},"end":{"line":47,"column":133}}]},"2":{"loc":{"start":{"line":46,"column":8},"end":{"line":46,"column":130}},"type":"binary-expr","locations":[{"start":{"line":46,"column":8},"end":{"line":46,"column":47}},{"start":{"line":46,"column":51},"end":{"line":46,"column":88}},{"start":{"line":46,"column":92},"end":{"line":46,"column":130}}]},"3":{"loc":{"start":{"line":61,"column":4},"end":{"line":62,"column":112}},"type":"if","locations":[{"start":{"line":61,"column":4},"end":{"line":62,"column":112}}]},"4":{"loc":{"start":{"line":64,"column":4},"end":{"line":65,"column":133}},"type":"if","locations":[{"start":{"line":64,"column":4},"end":{"line":65,"column":133}}]},"5":{"loc":{"start":{"line":64,"column":8},"end":{"line":64,"column":130}},"type":"binary-expr","locations":[{"start":{"line":64,"column":8},"end":{"line":64,"column":47}},{"start":{"line":64,"column":51},"end":{"line":64,"column":88}},{"start":{"line":64,"column":92},"end":{"line":64,"column":130}}]},"6":{"loc":{"start":{"line":80,"column":4},"end":{"line":81,"column":112}},"type":"if","locations":[{"start":{"line":80,"column":4},"end":{"line":81,"column":112}}]}},"s":{"0":1,"1":1,"2":1,"3":1,"4":1,"5":1,"6":1,"7":9,"8":1,"9":2,"10":2,"11":1,"12":1,"13":1,"14":0,"15":1,"16":2,"17":2,"18":1,"19":1,"20":0,"21":1,"22":1,"23":3,"24":3,"25":1,"26":2,"27":1,"28":1},"f":{"0":9,"1":1,"2":2,"3":1,"4":2,"5":3},"b":{"0":[1],"1":[0],"2":[1,0,0],"3":[1],"4":[0],"5":[1,0,0],"6":[1]}}
,"/Users/miguel.zapata/Documents/U/metricas/MISW4404-Metricas-y-calidad-de-software/src/city-supermarket/city-supermarket.controller.ts": {"path":"/Users/miguel.zapata/Documents/U/metricas/MISW4404-Metricas-y-calidad-de-software/src/city-supermarket/city-supermarket.controller.ts","statementMap":{"0":{"start":{"line":1,"column":0},"end":{"line":1,"column":108}},"1":{"start":{"line":2,"column":0},"end":{"line":2,"column":95}},"2":{"start":{"line":3,"column":0},"end":{"line":3,"column":68}},"3":{"start":{"line":4,"column":0},"end":{"line":4,"column":52}},"4":{"start":{"line":6,"column":0},"end":{"line":6,"column":70}},"5":{"start":{"line":10,"column":0},"end":{"line":70,"column":null}},"6":{"start":{"line":15,"column":31},"end":{"line":15,"column":55}},"7":{"start":{"line":25,"column":4},"end":{"line":25,"column":89}},"8":{"start":{"line":35,"column":4},"end":{"line":35,"column":78}},"9":{"start":{"line":46,"column":4},"end":{"line":46,"column":92}},"10":{"start":{"line":56,"column":52},"end":{"line":56,"column":103}},"11":{"start":{"line":57,"column":4},"end":{"line":57,"column":100}},"12":{"start":{"line":68,"column":4},"end":{"line":68,"column":94}},"13":{"start":{"line":24,"column":2},"end":{"line":26,"column":null}},"14":{"start":{"line":34,"column":2},"end":{"line":36,"column":null}},"15":{"start":{"line":45,"column":2},"end":{"line":47,"column":null}},"16":{"start":{"line":55,"column":2},"end":{"line":58,"column":null}},"17":{"start":{"line":67,"column":2},"end":{"line":69,"column":null}},"18":{"start":{"line":10,"column":13},"end":{"line":70,"column":null}},"19":{"start":{"line":10,"column":13},"end":{"line":10,"column":38}}},"fnMap":{"0":{"name":"(anonymous_4)","decl":{"start":{"line":15,"column":2},"end":{"line":15,"column":31}},"loc":{"start":{"line":15,"column":77},"end":{"line":15,"column":82}}},"1":{"name":"(anonymous_5)","decl":{"start":{"line":24,"column":2},"end":{"line":24,"column":7}},"loc":{"start":{"line":24,"column":107},"end":{"line":26,"column":3}}},"2":{"name":"(anonymous_6)","decl":{"start":{"line":34,"column":2},"end":{"line":34,"column":7}},"loc":{"start":{"line":34,"column":64},"end":{"line":36,"column":3}}},"3":{"name":"(anonymous_7)","decl":{"start":{"line":45,"column":2},"end":{"line":45,"column":7}},"loc":{"start":{"line":45,"column":110},"end":{"line":47,"column":3}}},"4":{"name":"(anonymous_8)","decl":{"start":{"line":55,"column":2},"end":{"line":55,"column":7}},"loc":{"start":{"line":55,"column":109},"end":{"line":58,"column":3}}},"5":{"name":"(anonymous_9)","decl":{"start":{"line":67,"column":2},"end":{"line":67,"column":7}},"loc":{"start":{"line":67,"column":112},"end":{"line":69,"column":3}}}},"branchMap":{},"s":{"0":0,"1":0,"2":0,"3":0,"4":0,"5":0,"6":0,"7":0,"8":0,"9":0,"10":0,"11":0,"12":0,"13":0,"14":0,"15":0,"16":0,"17":0,"18":0,"19":0},"f":{"0":0,"1":0,"2":0,"3":0,"4":0,"5":0},"b":{}}
,"/Users/miguel.zapata/Documents/U/metricas/MISW4404-Metricas-y-calidad-de-software/src/city-supermarket/city-supermarket.module.ts": {"path":"/Users/miguel.zapata/Documents/U/metricas/MISW4404-Metricas-y-calidad-de-software/src/city-supermarket/city-supermarket.module.ts","statementMap":{"0":{"start":{"line":1,"column":0},"end":{"line":1,"column":49}},"1":{"start":{"line":2,"column":0},"end":{"line":2,"column":68}},"2":{"start":{"line":3,"column":0},"end":{"line":3,"column":40}},"3":{"start":{"line":4,"column":0},"end":{"line":4,"column":70}},"4":{"start":{"line":5,"column":0},"end":{"line":5,"column":48}},"5":{"start":{"line":6,"column":0},"end":{"line":6,"column":74}},"6":{"start":{"line":13,"column":0},"end":{"line":13,"column":null}},"7":{"start":{"line":13,"column":13},"end":{"line":13,"column":null}},"8":{"start":{"line":13,"column":13},"end":{"line":13,"column":34}}},"fnMap":{},"branchMap":{},"s":{"0":0,"1":0,"2":0,"3":0,"4":0,"5":0,"6":0,"7":0,"8":0},"f":{},"b":{}}
,"/Users/miguel.zapata/Documents/U/metricas/MISW4404-Metricas-y-calidad-de-software/src/city-supermarket/city-supermarket.service.ts": {"path":"/Users/miguel.zapata/Documents/U/metricas/MISW4404-Metricas-y-calidad-de-software/src/city-supermarket/city-supermarket.service.ts","statementMap":{"0":{"start":{"line":1,"column":0},"end":{"line":1,"column":49}},"1":{"start":{"line":2,"column":0},"end":{"line":2,"column":44}},"2":{"start":{"line":3,"column":0},"end":{"line":3,"column":51}},"3":{"start":{"line":4,"column":0},"end":{"line":4,"column":70}},"4":{"start":{"line":5,"column":0},"end":{"line":5,"column":37}},"5":{"start":{"line":6,"column":0},"end":{"line":6,"column":89}},"6":{"start":{"line":9,"column":0},"end":{"line":109,"column":null}},"7":{"start":{"line":16,"column":21},"end":{"line":16,"column":37}},"8":{"start":{"line":19,"column":21},"end":{"line":19,"column":44}},"9":{"start":{"line":29,"column":43},"end":{"line":29,"column":117}},"10":{"start":{"line":30,"column":4},"end":{"line":31,"column":119}},"11":{"start":{"line":31,"column":6},"end":{"line":31,"column":119}},"12":{"start":{"line":32,"column":38},"end":{"line":32,"column":127}},"13":{"start":{"line":33,"column":4},"end":{"line":34,"column":112}},"14":{"start":{"line":34,"column":6},"end":{"line":34,"column":112}},"15":{"start":{"line":35,"column":4},"end":{"line":35,"column":78}},"16":{"start":{"line":36,"column":4},"end":{"line":36,"column":57}},"17":{"start":{"line":45,"column":35},"end":{"line":45,"column":124}},"18":{"start":{"line":46,"column":4},"end":{"line":47,"column":null}},"19":{"start":{"line":47,"column":6},"end":{"line":47,"column":null}},"20":{"start":{"line":48,"column":4},"end":{"line":48,"column":35}},"21":{"start":{"line":58,"column":44},"end":{"line":58,"column":118}},"22":{"start":{"line":59,"column":4},"end":{"line":60,"column":null}},"23":{"start":{"line":60,"column":6},"end":{"line":60,"column":null}},"24":{"start":{"line":61,"column":31},"end":{"line":61,"column":120}},"25":{"start":{"line":62,"column":4},"end":{"line":63,"column":null}},"26":{"start":{"line":63,"column":6},"end":{"line":63,"column":null}},"27":{"start":{"line":64,"column":47},"end":{"line":64,"column":102}},"28":{"start":{"line":64,"column":77},"end":{"line":64,"column":101}},"29":{"start":{"line":65,"column":4},"end":{"line":66,"column":null}},"30":{"start":{"line":66,"column":6},"end":{"line":66,"column":null}},"31":{"start":{"line":67,"column":4},"end":{"line":67,"column":27}},"32":{"start":{"line":77,"column":35},"end":{"line":77,"column":124}},"33":{"start":{"line":78,"column":4},"end":{"line":79,"column":null}},"34":{"start":{"line":79,"column":6},"end":{"line":79,"column":null}},"35":{"start":{"line":80,"column":4},"end":{"line":84,"column":null}},"36":{"start":{"line":80,"column":17},"end":{"line":80,"column":18}},"37":{"start":{"line":81,"column":51},"end":{"line":81,"column":135}},"38":{"start":{"line":82,"column":6},"end":{"line":83,"column":null}},"39":{"start":{"line":83,"column":8},"end":{"line":83,"column":null}},"40":{"start":{"line":85,"column":4},"end":{"line":85,"column":43}},"41":{"start":{"line":86,"column":4},"end":{"line":86,"column":54}},"42":{"start":{"line":95,"column":49},"end":{"line":95,"column":123}},"43":{"start":{"line":96,"column":4},"end":{"line":97,"column":null}},"44":{"start":{"line":97,"column":6},"end":{"line":97,"column":null}},"45":{"start":{"line":98,"column":35},"end":{"line":98,"column":124}},"46":{"start":{"line":99,"column":4},"end":{"line":100,"column":null}},"47":{"start":{"line":100,"column":6},"end":{"line":100,"column":null}},"48":{"start":{"line":101,"column":47},"end":{"line":101,"column":111}},"49":{"start":{"line":101,"column":81},"end":{"line":101,"column":110}},"50":{"start":{"line":103,"column":4},"end":{"line":104,"column":null}},"51":{"start":{"line":104,"column":6},"end":{"line":104,"column":null}},"52":{"start":{"line":106,"column":4},"end":{"line":106,"column":90}},"53":{"start":{"line":106,"column":66},"end":{"line":106,"column":88}},"54":{"start":{"line":107,"column":4},"end":{"line":107,"column":47}},"55":{"start":{"line":9,"column":13},"end":{"line":109,"column":null}},"56":{"start":{"line":9,"column":13},"end":{"line":9,"column":35}}},"fnMap":{"0":{"name":"(anonymous_4)","decl":{"start":{"line":14,"column":2},"end":{"line":14,"column":null}},"loc":{"start":{"line":19,"column":73},"end":{"line":20,"column":7}}},"1":{"name":"(anonymous_5)","decl":{"start":{"line":28,"column":2},"end":{"line":28,"column":7}},"loc":{"start":{"line":28,"column":66},"end":{"line":37,"column":3}}},"2":{"name":"(anonymous_6)","decl":{"start":{"line":44,"column":2},"end":{"line":44,"column":7}},"loc":{"start":{"line":44,"column":47},"end":{"line":49,"column":3}}},"3":{"name":"(anonymous_7)","decl":{"start":{"line":57,"column":2},"end":{"line":57,"column":7}},"loc":{"start":{"line":57,"column":69},"end":{"line":68,"column":3}}},"4":{"name":"(anonymous_8)","decl":{"start":{"line":64,"column":72},"end":{"line":64,"column":73}},"loc":{"start":{"line":64,"column":77},"end":{"line":64,"column":101}}},"5":{"name":"(anonymous_9)","decl":{"start":{"line":76,"column":2},"end":{"line":76,"column":7}},"loc":{"start":{"line":76,"column":84},"end":{"line":87,"column":3}}},"6":{"name":"(anonymous_10)","decl":{"start":{"line":94,"column":2},"end":{"line":94,"column":7}},"loc":{"start":{"line":94,"column":71},"end":{"line":108,"column":3}}},"7":{"name":"(anonymous_11)","decl":{"start":{"line":101,"column":76},"end":{"line":101,"column":77}},"loc":{"start":{"line":101,"column":81},"end":{"line":101,"column":110}}},"8":{"name":"(anonymous_12)","decl":{"start":{"line":106,"column":61},"end":{"line":106,"column":62}},"loc":{"start":{"line":106,"column":66},"end":{"line":106,"column":88}}}},"branchMap":{"0":{"loc":{"start":{"line":30,"column":4},"end":{"line":31,"column":119}},"type":"if","locations":[{"start":{"line":30,"column":4},"end":{"line":31,"column":119}}]},"1":{"loc":{"start":{"line":33,"column":4},"end":{"line":34,"column":112}},"type":"if","locations":[{"start":{"line":33,"column":4},"end":{"line":34,"column":112}}]},"2":{"loc":{"start":{"line":46,"column":4},"end":{"line":47,"column":null}},"type":"if","locations":[{"start":{"line":46,"column":4},"end":{"line":47,"column":null}}]},"3":{"loc":{"start":{"line":59,"column":4},"end":{"line":60,"column":null}},"type":"if","locations":[{"start":{"line":59,"column":4},"end":{"line":60,"column":null}}]},"4":{"loc":{"start":{"line":62,"column":4},"end":{"line":63,"column":null}},"type":"if","locations":[{"start":{"line":62,"column":4},"end":{"line":63,"column":null}}]},"5":{"loc":{"start":{"line":65,"column":4},"end":{"line":66,"column":null}},"type":"if","locations":[{"start":{"line":65,"column":4},"end":{"line":66,"column":null}}]},"6":{"loc":{"start":{"line":78,"column":4},"end":{"line":79,"column":null}},"type":"if","locations":[{"start":{"line":78,"column":4},"end":{"line":79,"column":null}}]},"7":{"loc":{"start":{"line":82,"column":6},"end":{"line":83,"column":null}},"type":"if","locations":[{"start":{"line":82,"column":6},"end":{"line":83,"column":null}}]},"8":{"loc":{"start":{"line":96,"column":4},"end":{"line":97,"column":null}},"type":"if","locations":[{"start":{"line":96,"column":4},"end":{"line":97,"column":null}}]},"9":{"loc":{"start":{"line":99,"column":4},"end":{"line":100,"column":null}},"type":"if","locations":[{"start":{"line":99,"column":4},"end":{"line":100,"column":null}}]},"10":{"loc":{"start":{"line":103,"column":4},"end":{"line":104,"column":null}},"type":"if","locations":[{"start":{"line":103,"column":4},"end":{"line":104,"column":null}}]}},"s":{"0":1,"1":1,"2":1,"3":1,"4":1,"5":1,"6":1,"7":14,"8":14,"9":2,"10":2,"11":1,"12":1,"13":1,"14":0,"15":1,"16":1,"17":2,"18":2,"19":1,"20":1,"21":4,"22":4,"23":1,"24":3,"25":3,"26":1,"27":2,"28":6,"29":2,"30":1,"31":1,"32":3,"33":3,"34":1,"35":2,"36":2,"37":2,"38":2,"39":1,"40":1,"41":1,"42":2,"43":2,"44":2,"45":0,"46":0,"47":0,"48":0,"49":0,"50":0,"51":0,"52":0,"53":0,"54":0,"55":1,"56":1},"f":{"0":14,"1":2,"2":2,"3":4,"4":6,"5":3,"6":2,"7":0,"8":0},"b":{"0":[1],"1":[0],"2":[1],"3":[1],"4":[1],"5":[1],"6":[1],"7":[1],"8":[2],"9":[0],"10":[0]}}
,"/Users/miguel.zapata/Documents/U/metricas/MISW4404-Metricas-y-calidad-de-software/src/shared/enums/Country.ts": {"path":"/Users/miguel.zapata/Documents/U/metricas/MISW4404-Metricas-y-calidad-de-software/src/shared/enums/Country.ts","statementMap":{"0":{"start":{"line":1,"column":0},"end":{"line":1,"column":null}},"1":{"start":{"line":2,"column":2},"end":{"line":2,"column":null}},"2":{"start":{"line":3,"column":2},"end":{"line":3,"column":null}},"3":{"start":{"line":4,"column":2},"end":{"line":4,"column":null}}},"fnMap":{"0":{"name":"(anonymous_0)","decl":{"start":{"line":1,"column":0},"end":{"line":1,"column":12}},"loc":{"start":{"line":1,"column":19},"end":{"line":5,"column":1}}}},"branchMap":{"0":{"loc":{"start":{"line":1,"column":12},"end":{"line":1,"column":null}},"type":"binary-expr","locations":[{"start":{"line":1,"column":12},"end":{"line":1,"column":19}},{"start":{"line":1,"column":12},"end":{"line":1,"column":null}}]}},"s":{"0":1,"1":1,"2":1,"3":1},"f":{"0":1},"b":{"0":[1,1]}}
,"/Users/miguel.zapata/Documents/U/metricas/MISW4404-Metricas-y-calidad-de-software/src/shared/errors/business-errors.ts": {"path":"/Users/miguel.zapata/Documents/U/metricas/MISW4404-Metricas-y-calidad-de-software/src/shared/errors/business-errors.ts","statementMap":{"0":{"start":{"line":2,"column":2},"end":{"line":2,"column":25}},"1":{"start":{"line":3,"column":2},"end":{"line":3,"column":19}},"2":{"start":{"line":1,"column":0},"end":{"line":1,"column":16}},"3":{"start":{"line":6,"column":0},"end":{"line":6,"column":null}},"4":{"start":{"line":7,"column":2},"end":{"line":7,"column":null}},"5":{"start":{"line":8,"column":2},"end":{"line":8,"column":null}},"6":{"start":{"line":9,"column":2},"end":{"line":9,"column":null}}},"fnMap":{"0":{"name":"BusinessLogicException","decl":{"start":{"line":1,"column":16},"end":{"line":1,"column":38}},"loc":{"start":{"line":1,"column":68},"end":{"line":4,"column":1}}},"1":{"name":"(anonymous_1)","decl":{"start":{"line":6,"column":0},"end":{"line":6,"column":12}},"loc":{"start":{"line":6,"column":25},"end":{"line":10,"column":1}}}},"branchMap":{"0":{"loc":{"start":{"line":6,"column":12},"end":{"line":6,"column":null}},"type":"binary-expr","locations":[{"start":{"line":6,"column":12},"end":{"line":6,"column":25}},{"start":{"line":6,"column":12},"end":{"line":6,"column":null}}]}},"s":{"0":15,"1":15,"2":3,"3":3,"4":3,"5":3,"6":3},"f":{"0":15,"1":3},"b":{"0":[3,3]}}
,"/Users/miguel.zapata/Documents/U/metricas/MISW4404-Metricas-y-calidad-de-software/src/shared/interceptors/business-errors.interceptor.ts": {"path":"/Users/miguel.zapata/Documents/U/metricas/MISW4404-Metricas-y-calidad-de-software/src/shared/interceptors/business-errors.interceptor.ts","statementMap":{"0":{"start":{"line":1,"column":0},"end":{"line":1,"column":119}},"1":{"start":{"line":2,"column":0},"end":{"line":2,"column":46}},"2":{"start":{"line":3,"column":0},"end":{"line":3,"column":58}},"3":{"start":{"line":6,"column":0},"end":{"line":20,"column":null}},"4":{"start":{"line":8,"column":4},"end":{"line":18,"column":8}},"5":{"start":{"line":10,"column":6},"end":{"line":17,"column":22}},"6":{"start":{"line":11,"column":10},"end":{"line":11,"column":71}},"7":{"start":{"line":12,"column":11},"end":{"line":17,"column":22}},"8":{"start":{"line":13,"column":10},"end":{"line":13,"column":81}},"9":{"start":{"line":14,"column":11},"end":{"line":17,"column":22}},"10":{"start":{"line":15,"column":10},"end":{"line":15,"column":73}},"11":{"start":{"line":17,"column":10},"end":{"line":17,"column":22}},"12":{"start":{"line":6,"column":13},"end":{"line":20,"column":null}},"13":{"start":{"line":6,"column":13},"end":{"line":6,"column":38}}},"fnMap":{"0":{"name":"(anonymous_1)","decl":{"start":{"line":7,"column":2},"end":{"line":7,"column":11}},"loc":{"start":{"line":7,"column":56},"end":{"line":19,"column":3}}},"1":{"name":"(anonymous_2)","decl":{"start":{"line":9,"column":21},"end":{"line":9,"column":26}},"loc":{"start":{"line":9,"column":29},"end":{"line":18,"column":5}}}},"branchMap":{"0":{"loc":{"start":{"line":10,"column":6},"end":{"line":17,"column":22}},"type":"if","locations":[{"start":{"line":10,"column":6},"end":{"line":17,"column":22}},{"start":{"line":12,"column":11},"end":{"line":17,"column":22}}]},"1":{"loc":{"start":{"line":12,"column":11},"end":{"line":17,"column":22}},"type":"if","locations":[{"start":{"line":12,"column":11},"end":{"line":17,"column":22}},{"start":{"line":14,"column":11},"end":{"line":17,"column":22}}]},"2":{"loc":{"start":{"line":14,"column":11},"end":{"line":17,"column":22}},"type":"if","locations":[{"start":{"line":14,"column":11},"end":{"line":17,"column":22}},{"start":{"line":17,"column":10},"end":{"line":17,"column":22}}]}},"s":{"0":0,"1":0,"2":0,"3":0,"4":0,"5":0,"6":0,"7":0,"8":0,"9":0,"10":0,"11":0,"12":0,"13":0},"f":{"0":0,"1":0},"b":{"0":[0,0],"1":[0,0],"2":[0,0]}}
,"/Users/miguel.zapata/Documents/U/metricas/MISW4404-Metricas-y-calidad-de-software/src/shared/testing-utils/typeorm-testing-config.ts": {"path":"/Users/miguel.zapata/Documents/U/metricas/MISW4404-Metricas-y-calidad-de-software/src/shared/testing-utils/typeorm-testing-config.ts","statementMap":{"0":{"start":{"line":1,"column":0},"end":{"line":1,"column":52}},"1":{"start":{"line":2,"column":0},"end":{"line":2,"column":48}},"2":{"start":{"line":3,"column":0},"end":{"line":3,"column":73}},"3":{"start":{"line":5,"column":36},"end":{"line":15,"column":2}},"4":{"start":{"line":5,"column":42},"end":{"line":15,"column":2}},"5":{"start":{"line":5,"column":13},"end":{"line":5,"column":36}}},"fnMap":{"0":{"name":"(anonymous_0)","decl":{"start":{"line":5,"column":36},"end":{"line":5,"column":39}},"loc":{"start":{"line":5,"column":42},"end":{"line":15,"column":2}}}},"branchMap":{},"s":{"0":3,"1":3,"2":3,"3":3,"4":32,"5":3},"f":{"0":32},"b":{}}
,"/Users/miguel.zapata/Documents/U/metricas/MISW4404-Metricas-y-calidad-de-software/src/supermarket/supermarket.controller.ts": {"path":"/Users/miguel.zapata/Documents/U/metricas/MISW4404-Metricas-y-calidad-de-software/src/supermarket/supermarket.controller.ts","statementMap":{"0":{"start":{"line":1,"column":0},"end":{"line":1,"column":108}},"1":{"start":{"line":2,"column":0},"end":{"line":2,"column":52}},"2":{"start":{"line":3,"column":0},"end":{"line":3,"column":95}},"3":{"start":{"line":4,"column":0},"end":{"line":4,"column":51}},"4":{"start":{"line":5,"column":0},"end":{"line":5,"column":57}},"5":{"start":{"line":6,"column":0},"end":{"line":6,"column":62}},"6":{"start":{"line":10,"column":0},"end":{"line":70,"column":null}},"7":{"start":{"line":15,"column":31},"end":{"line":15,"column":51}},"8":{"start":{"line":23,"column":4},"end":{"line":23,"column":51}},"9":{"start":{"line":33,"column":4},"end":{"line":33,"column":64}},"10":{"start":{"line":44,"column":49},"end":{"line":44,"column":99}},"11":{"start":{"line":45,"column":4},"end":{"line":45,"column":67}},"12":{"start":{"line":57,"column":49},"end":{"line":57,"column":99}},"13":{"start":{"line":58,"column":4},"end":{"line":58,"column":82}},"14":{"start":{"line":68,"column":4},"end":{"line":68,"column":63}},"15":{"start":{"line":22,"column":2},"end":{"line":24,"column":null}},"16":{"start":{"line":32,"column":2},"end":{"line":34,"column":null}},"17":{"start":{"line":43,"column":2},"end":{"line":46,"column":null}},"18":{"start":{"line":56,"column":2},"end":{"line":59,"column":null}},"19":{"start":{"line":67,"column":2},"end":{"line":69,"column":null}},"20":{"start":{"line":10,"column":13},"end":{"line":70,"column":null}},"21":{"start":{"line":10,"column":13},"end":{"line":10,"column":34}}},"fnMap":{"0":{"name":"(anonymous_4)","decl":{"start":{"line":15,"column":2},"end":{"line":15,"column":31}},"loc":{"start":{"line":15,"column":72},"end":{"line":15,"column":77}}},"1":{"name":"(anonymous_5)","decl":{"start":{"line":22,"column":2},"end":{"line":22,"column":7}},"loc":{"start":{"line":22,"column":15},"end":{"line":24,"column":3}}},"2":{"name":"(anonymous_6)","decl":{"start":{"line":32,"column":2},"end":{"line":32,"column":7}},"loc":{"start":{"line":32,"column":61},"end":{"line":34,"column":3}}},"3":{"name":"(anonymous_7)","decl":{"start":{"line":43,"column":2},"end":{"line":43,"column":7}},"loc":{"start":{"line":43,"column":53},"end":{"line":46,"column":3}}},"4":{"name":"(anonymous_8)","decl":{"start":{"line":56,"column":2},"end":{"line":56,"column":7}},"loc":{"start":{"line":56,"column":100},"end":{"line":59,"column":3}}},"5":{"name":"(anonymous_9)","decl":{"start":{"line":67,"column":2},"end":{"line":67,"column":7}},"loc":{"start":{"line":67,"column":60},"end":{"line":69,"column":3}}}},"branchMap":{},"s":{"0":0,"1":0,"2":0,"3":0,"4":0,"5":0,"6":0,"7":0,"8":0,"9":0,"10":0,"11":0,"12":0,"13":0,"14":0,"15":0,"16":0,"17":0,"18":0,"19":0,"20":0,"21":0},"f":{"0":0,"1":0,"2":0,"3":0,"4":0,"5":0},"b":{}}
,"/Users/miguel.zapata/Documents/U/metricas/MISW4404-Metricas-y-calidad-de-software/src/supermarket/supermarket.dto.ts": {"path":"/Users/miguel.zapata/Documents/U/metricas/MISW4404-Metricas-y-calidad-de-software/src/supermarket/supermarket.dto.ts","statementMap":{"0":{"start":{"line":1,"column":0},"end":{"line":1,"column":65}},"1":{"start":{"line":7,"column":2},"end":{"line":7,"column":null}},"2":{"start":{"line":11,"column":2},"end":{"line":11,"column":null}},"3":{"start":{"line":15,"column":2},"end":{"line":15,"column":null}},"4":{"start":{"line":19,"column":2},"end":{"line":19,"column":null}},"5":{"start":{"line":3,"column":0},"end":{"line":3,"column":13}}},"fnMap":{},"branchMap":{},"s":{"0":0,"1":0,"2":0,"3":0,"4":0,"5":0},"f":{},"b":{}}
,"/Users/miguel.zapata/Documents/U/metricas/MISW4404-Metricas-y-calidad-de-software/src/supermarket/supermarket.entity.ts": {"path":"/Users/miguel.zapata/Documents/U/metricas/MISW4404-Metricas-y-calidad-de-software/src/supermarket/supermarket.entity.ts","statementMap":{"0":{"start":{"line":2,"column":0},"end":{"line":2,"column":49}},"1":{"start":{"line":3,"column":0},"end":{"line":3,"column":88}},"2":{"start":{"line":6,"column":0},"end":{"line":26,"column":null}},"3":{"start":{"line":9,"column":2},"end":{"line":9,"column":null}},"4":{"start":{"line":12,"column":2},"end":{"line":12,"column":null}},"5":{"start":{"line":15,"column":2},"end":{"line":15,"column":null}},"6":{"start":{"line":18,"column":2},"end":{"line":18,"column":null}},"7":{"start":{"line":21,"column":2},"end":{"line":21,"column":null}},"8":{"start":{"line":25,"column":2},"end":{"line":25,"column":null}},"9":{"start":{"line":23,"column":20},"end":{"line":23,"column":30}},"10":{"start":{"line":23,"column":40},"end":{"line":23,"column":57}},"11":{"start":{"line":6,"column":13},"end":{"line":26,"column":null}},"12":{"start":{"line":6,"column":13},"end":{"line":6,"column":30}}},"fnMap":{"0":{"name":"(anonymous_2)","decl":{"start":{"line":23,"column":14},"end":{"line":23,"column":17}},"loc":{"start":{"line":23,"column":20},"end":{"line":23,"column":30}}},"1":{"name":"(anonymous_3)","decl":{"start":{"line":23,"column":32},"end":{"line":23,"column":36}},"loc":{"start":{"line":23,"column":40},"end":{"line":23,"column":57}}}},"branchMap":{},"s":{"0":3,"1":3,"2":3,"3":3,"4":3,"5":3,"6":3,"7":3,"8":3,"9":32,"10":32,"11":3,"12":3},"f":{"0":32,"1":32},"b":{}}
,"/Users/miguel.zapata/Documents/U/metricas/MISW4404-Metricas-y-calidad-de-software/src/supermarket/supermarket.module.ts": {"path":"/Users/miguel.zapata/Documents/U/metricas/MISW4404-Metricas-y-calidad-de-software/src/supermarket/supermarket.module.ts","statementMap":{"0":{"start":{"line":1,"column":0},"end":{"line":1,"column":57}},"1":{"start":{"line":2,"column":0},"end":{"line":2,"column":62}},"2":{"start":{"line":3,"column":0},"end":{"line":3,"column":40}},"3":{"start":{"line":4,"column":0},"end":{"line":4,"column":48}},"4":{"start":{"line":5,"column":0},"end":{"line":5,"column":65}},"5":{"start":{"line":12,"column":0},"end":{"line":12,"column":null}},"6":{"start":{"line":12,"column":13},"end":{"line":12,"column":null}},"7":{"start":{"line":12,"column":13},"end":{"line":12,"column":30}}},"fnMap":{},"branchMap":{},"s":{"0":0,"1":0,"2":0,"3":0,"4":0,"5":0,"6":0,"7":0},"f":{},"b":{}}
,"/Users/miguel.zapata/Documents/U/metricas/MISW4404-Metricas-y-calidad-de-software/src/supermarket/supermarket.service.ts": {"path":"/Users/miguel.zapata/Documents/U/metricas/MISW4404-Metricas-y-calidad-de-software/src/supermarket/supermarket.service.ts","statementMap":{"0":{"start":{"line":1,"column":0},"end":{"line":1,"column":44}},"1":{"start":{"line":2,"column":0},"end":{"line":2,"column":51}},"2":{"start":{"line":3,"column":0},"end":{"line":3,"column":37}},"3":{"start":{"line":4,"column":0},"end":{"line":4,"column":89}},"4":{"start":{"line":5,"column":0},"end":{"line":5,"column":57}},"5":{"start":{"line":8,"column":0},"end":{"line":83,"column":null}},"6":{"start":{"line":15,"column":21},"end":{"line":15,"column":44}},"7":{"start":{"line":23,"column":4},"end":{"line":23,"column":76}},"8":{"start":{"line":32,"column":43},"end":{"line":32,"column":140}},"9":{"start":{"line":33,"column":4},"end":{"line":34,"column":119}},"10":{"start":{"line":34,"column":6},"end":{"line":34,"column":119}},"11":{"start":{"line":35,"column":4},"end":{"line":35,"column":23}},"12":{"start":{"line":45,"column":4},"end":{"line":46,"column":140}},"13":{"start":{"line":46,"column":6},"end":{"line":46,"column":140}},"14":{"start":{"line":47,"column":4},"end":{"line":47,"column":68}},"15":{"start":{"line":59,"column":52},"end":{"line":59,"column":126}},"16":{"start":{"line":60,"column":4},"end":{"line":61,"column":119}},"17":{"start":{"line":61,"column":6},"end":{"line":61,"column":119}},"18":{"start":{"line":63,"column":4},"end":{"line":64,"column":140}},"19":{"start":{"line":64,"column":6},"end":{"line":64,"column":140}},"20":{"start":{"line":66,"column":4},"end":{"line":66,"column":41}},"21":{"start":{"line":68,"column":4},"end":{"line":68,"column":68}},"22":{"start":{"line":77,"column":43},"end":{"line":77,"column":117}},"23":{"start":{"line":79,"column":4},"end":{"line":80,"column":119}},"24":{"start":{"line":80,"column":6},"end":{"line":80,"column":119}},"25":{"start":{"line":81,"column":4},"end":{"line":81,"column":57}},"26":{"start":{"line":8,"column":13},"end":{"line":83,"column":null}},"27":{"start":{"line":8,"column":13},"end":{"line":8,"column":34}}},"fnMap":{"0":{"name":"(anonymous_4)","decl":{"start":{"line":13,"column":2},"end":{"line":13,"column":null}},"loc":{"start":{"line":15,"column":73},"end":{"line":16,"column":7}}},"1":{"name":"(anonymous_5)","decl":{"start":{"line":22,"column":2},"end":{"line":22,"column":7}},"loc":{"start":{"line":22,"column":15},"end":{"line":24,"column":3}}},"2":{"name":"(anonymous_6)","decl":{"start":{"line":31,"column":2},"end":{"line":31,"column":7}},"loc":{"start":{"line":31,"column":37},"end":{"line":36,"column":3}}},"3":{"name":"(anonymous_7)","decl":{"start":{"line":44,"column":2},"end":{"line":44,"column":7}},"loc":{"start":{"line":44,"column":51},"end":{"line":48,"column":3}}},"4":{"name":"(anonymous_8)","decl":{"start":{"line":57,"column":2},"end":{"line":57,"column":7}},"loc":{"start":{"line":57,"column":74},"end":{"line":69,"column":3}}},"5":{"name":"(anonymous_9)","decl":{"start":{"line":75,"column":2},"end":{"line":75,"column":7}},"loc":{"start":{"line":75,"column":36},"end":{"line":82,"column":3}}}},"branchMap":{"0":{"loc":{"start":{"line":33,"column":4},"end":{"line":34,"column":119}},"type":"if","locations":[{"start":{"line":33,"column":4},"end":{"line":34,"column":119}}]},"1":{"loc":{"start":{"line":45,"column":4},"end":{"line":46,"column":140}},"type":"if","locations":[{"start":{"line":45,"column":4},"end":{"line":46,"column":140}}]},"2":{"loc":{"start":{"line":60,"column":4},"end":{"line":61,"column":119}},"type":"if","locations":[{"start":{"line":60,"column":4},"end":{"line":61,"column":119}}]},"3":{"loc":{"start":{"line":63,"column":4},"end":{"line":64,"column":140}},"type":"if","locations":[{"start":{"line":63,"column":4},"end":{"line":64,"column":140}}]},"4":{"loc":{"start":{"line":79,"column":4},"end":{"line":80,"column":119}},"type":"if","locations":[{"start":{"line":79,"column":4},"end":{"line":80,"column":119}}]}},"s":{"0":1,"1":1,"2":1,"3":1,"4":1,"5":1,"6":9,"7":1,"8":2,"9":2,"10":1,"11":1,"12":1,"13":0,"14":1,"15":2,"16":2,"17":1,"18":1,"19":0,"20":1,"21":1,"22":3,"23":3,"24":1,"25":2,"26":1,"27":1},"f":{"0":9,"1":1,"2":2,"3":1,"4":2,"5":3},"b":{"0":[1],"1":[0],"2":[1],"3":[0],"4":[1]}}
}
