TN:
SF:src/app.controller.ts
FN:6,(anonymous_2)
FN:9,(anonymous_3)
FNF:2
FNH:2
FNDA:1,(anonymous_2)
FNDA:1,(anonymous_3)
DA:1,1
DA:2,1
DA:5,1
DA:6,1
DA:9,1
DA:10,1
LF:6
LH:6
BRF:0
BRH:0
end_of_record
TN:
SF:src/app.module.ts
FNF:0
FNH:0
DA:1,0
DA:2,0
DA:3,0
DA:4,0
DA:5,0
DA:6,0
DA:7,0
DA:8,0
DA:9,0
DA:28,0
LF:10
LH:0
BRF:0
BRH:0
end_of_record
TN:
SF:src/app.service.ts
FN:5,(anonymous_1)
FNF:1
FNH:1
FNDA:1,(anonymous_1)
DA:1,1
DA:4,1
DA:6,1
LF:3
LH:3
BRF:0
BRH:0
end_of_record
TN:
SF:src/main.ts
FN:5,bootstrap
FNF:1
FNH:0
FNDA:0,bootstrap
DA:1,0
DA:2,0
DA:3,0
DA:6,0
DA:7,0
DA:13,0
DA:15,0
DA:17,0
LF:8
LH:0
BRF:0
BRH:0
end_of_record
TN:
SF:src/city/city.controller.ts
FN:15,(anonymous_4)
FN:22,(anonymous_5)
FN:32,(anonymous_6)
FN:43,(anonymous_7)
FN:56,(anonymous_8)
FN:67,(anonymous_9)
FNF:6
FNH:0
FNDA:0,(anonymous_4)
FNDA:0,(anonymous_5)
FNDA:0,(anonymous_6)
FNDA:0,(anonymous_7)
FNDA:0,(anonymous_8)
FNDA:0,(anonymous_9)
DA:1,0
DA:2,0
DA:3,0
DA:4,0
DA:5,0
DA:6,0
DA:10,0
DA:15,0
DA:22,0
DA:23,0
DA:32,0
DA:33,0
DA:43,0
DA:44,0
DA:45,0
DA:56,0
DA:57,0
DA:58,0
DA:67,0
DA:68,0
LF:20
LH:0
BRF:0
BRH:0
end_of_record
TN:
SF:src/city/city.dto.ts
FNF:0
FNH:0
DA:1,0
DA:3,0
DA:7,0
DA:11,0
DA:15,0
LF:5
LH:0
BRF:0
BRH:0
end_of_record
TN:
SF:src/city/city.entity.ts
FN:19,(anonymous_2)
FN:19,(anonymous_3)
FNF:2
FNH:2
FNDA:32,(anonymous_2)
FNDA:32,(anonymous_3)
DA:1,3
DA:2,3
DA:5,3
DA:8,3
DA:11,3
DA:14,3
DA:17,3
DA:19,32
DA:20,3
LF:9
LH:9
BRF:0
BRH:0
end_of_record
TN:
SF:src/city/city.module.ts
FNF:0
FNH:0
DA:1,0
DA:2,0
DA:3,0
DA:4,0
DA:5,0
DA:12,0
LF:6
LH:0
BRF:0
BRH:0
end_of_record
TN:
SF:src/city/city.service.ts
FN:14,(anonymous_4)
FN:23,(anonymous_5)
FN:32,(anonymous_6)
FN:45,(anonymous_7)
FN:58,(anonymous_8)
FN:76,(anonymous_9)
FNF:6
FNH:6
FNDA:9,(anonymous_4)
FNDA:1,(anonymous_5)
FNDA:2,(anonymous_6)
FNDA:1,(anonymous_7)
FNDA:2,(anonymous_8)
FNDA:3,(anonymous_9)
DA:1,1
DA:2,1
DA:3,1
DA:4,1
DA:5,1
DA:6,1
DA:9,1
DA:16,9
DA:24,1
DA:33,2
DA:34,2
DA:35,1
DA:36,1
DA:46,1
DA:47,0
DA:48,1
DA:60,2
DA:61,2
DA:62,1
DA:64,1
DA:65,0
DA:67,1
DA:69,1
DA:78,3
DA:80,3
DA:81,1
DA:82,2
LF:27
LH:25
BRDA:34,0,0,1
BRDA:46,1,0,0
BRDA:46,2,0,1
BRDA:46,2,1,0
BRDA:46,2,2,0
BRDA:61,3,0,1
BRDA:64,4,0,0
BRDA:64,5,0,1
BRDA:64,5,1,0
BRDA:64,5,2,0
BRDA:80,6,0,1
BRF:11
BRH:5
end_of_record
TN:
SF:src/city-supermarket/city-supermarket.controller.ts
FN:15,(anonymous_4)
FN:24,(anonymous_5)
FN:34,(anonymous_6)
FN:45,(anonymous_7)
FN:55,(anonymous_8)
FN:67,(anonymous_9)
FNF:6
FNH:0
FNDA:0,(anonymous_4)
FNDA:0,(anonymous_5)
FNDA:0,(anonymous_6)
FNDA:0,(anonymous_7)
FNDA:0,(anonymous_8)
FNDA:0,(anonymous_9)
DA:1,0
DA:2,0
DA:3,0
DA:4,0
DA:6,0
DA:10,0
DA:15,0
DA:24,0
DA:25,0
DA:34,0
DA:35,0
DA:45,0
DA:46,0
DA:55,0
DA:56,0
DA:57,0
DA:67,0
DA:68,0
LF:18
LH:0
BRF:0
BRH:0
end_of_record
TN:
SF:src/city-supermarket/city-supermarket.module.ts
FNF:0
FNH:0
DA:1,0
DA:2,0
DA:3,0
DA:4,0
DA:5,0
DA:6,0
DA:13,0
LF:7
LH:0
BRF:0
BRH:0
end_of_record
TN:
SF:src/city-supermarket/city-supermarket.service.ts
FN:14,(anonymous_4)
FN:28,(anonymous_5)
FN:44,(anonymous_6)
FN:57,(anonymous_7)
FN:64,(anonymous_8)
FN:76,(anonymous_9)
FN:94,(anonymous_10)
FN:101,(anonymous_11)
FN:106,(anonymous_12)
FNF:9
FNH:7
FNDA:14,(anonymous_4)
FNDA:2,(anonymous_5)
FNDA:2,(anonymous_6)
FNDA:4,(anonymous_7)
FNDA:6,(anonymous_8)
FNDA:3,(anonymous_9)
FNDA:2,(anonymous_10)
FNDA:0,(anonymous_11)
FNDA:0,(anonymous_12)
DA:1,1
DA:2,1
DA:3,1
DA:4,1
DA:5,1
DA:6,1
DA:9,1
DA:16,14
DA:19,14
DA:29,2
DA:30,2
DA:31,1
DA:32,1
DA:33,1
DA:34,0
DA:35,1
DA:36,1
DA:45,2
DA:46,2
DA:47,1
DA:48,1
DA:58,4
DA:59,4
DA:60,1
DA:61,3
DA:62,3
DA:63,1
DA:64,6
DA:65,2
DA:66,1
DA:67,1
DA:77,3
DA:78,3
DA:79,1
DA:80,2
DA:81,2
DA:82,2
DA:83,1
DA:85,1
DA:86,1
DA:95,2
DA:96,2
DA:97,2
DA:98,0
DA:99,0
DA:100,0
DA:101,0
DA:103,0
DA:104,0
DA:106,0
DA:107,0
LF:51
LH:42
BRDA:30,0,0,1
BRDA:33,1,0,0
BRDA:46,2,0,1
BRDA:59,3,0,1
BRDA:62,4,0,1
BRDA:65,5,0,1
BRDA:78,6,0,1
BRDA:82,7,0,1
BRDA:96,8,0,2
BRDA:99,9,0,0
BRDA:103,10,0,0
BRF:11
BRH:8
end_of_record
TN:
SF:src/shared/enums/Country.ts
FN:1,(anonymous_0)
FNF:1
FNH:1
FNDA:1,(anonymous_0)
DA:1,1
DA:2,1
DA:3,1
DA:4,1
LF:4
LH:4
BRDA:1,0,0,1
BRDA:1,0,1,1
BRF:2
BRH:2
end_of_record
TN:
SF:src/shared/errors/business-errors.ts
FN:1,BusinessLogicException
FN:6,(anonymous_1)
FNF:2
FNH:2
FNDA:15,BusinessLogicException
FNDA:3,(anonymous_1)
DA:1,3
DA:2,15
DA:3,15
DA:6,3
DA:7,3
DA:8,3
DA:9,3
LF:7
LH:7
BRDA:6,0,0,3
BRDA:6,0,1,3
BRF:2
BRH:2
end_of_record
TN:
SF:src/shared/interceptors/business-errors.interceptor.ts
FN:7,(anonymous_1)
FN:9,(anonymous_2)
FNF:2
FNH:0
FNDA:0,(anonymous_1)
FNDA:0,(anonymous_2)
DA:1,0
DA:2,0
DA:3,0
DA:6,0
DA:8,0
DA:10,0
DA:11,0
DA:12,0
DA:13,0
DA:14,0
DA:15,0
DA:17,0
LF:12
LH:0
BRDA:10,0,0,0
BRDA:10,0,1,0
BRDA:12,1,0,0
BRDA:12,1,1,0
BRDA:14,2,0,0
BRDA:14,2,1,0
BRF:6
BRH:0
end_of_record
TN:
SF:src/shared/testing-utils/typeorm-testing-config.ts
FN:5,(anonymous_0)
FNF:1
FNH:1
FNDA:32,(anonymous_0)
DA:1,3
DA:2,3
DA:3,3
DA:5,32
LF:4
LH:4
BRF:0
BRH:0
end_of_record
TN:
SF:src/supermarket/supermarket.controller.ts
FN:15,(anonymous_4)
FN:22,(anonymous_5)
FN:32,(anonymous_6)
FN:43,(anonymous_7)
FN:56,(anonymous_8)
FN:67,(anonymous_9)
FNF:6
FNH:0
FNDA:0,(anonymous_4)
FNDA:0,(anonymous_5)
FNDA:0,(anonymous_6)
FNDA:0,(anonymous_7)
FNDA:0,(anonymous_8)
FNDA:0,(anonymous_9)
DA:1,0
DA:2,0
DA:3,0
DA:4,0
DA:5,0
DA:6,0
DA:10,0
DA:15,0
DA:22,0
DA:23,0
DA:32,0
DA:33,0
DA:43,0
DA:44,0
DA:45,0
DA:56,0
DA:57,0
DA:58,0
DA:67,0
DA:68,0
LF:20
LH:0
BRF:0
BRH:0
end_of_record
TN:
SF:src/supermarket/supermarket.dto.ts
FNF:0
FNH:0
DA:1,0
DA:3,0
DA:7,0
DA:11,0
DA:15,0
DA:19,0
LF:6
LH:0
BRF:0
BRH:0
end_of_record
TN:
SF:src/supermarket/supermarket.entity.ts
FN:23,(anonymous_2)
FN:23,(anonymous_3)
FNF:2
FNH:2
FNDA:32,(anonymous_2)
FNDA:32,(anonymous_3)
DA:2,3
DA:3,3
DA:6,3
DA:9,3
DA:12,3
DA:15,3
DA:18,3
DA:21,3
DA:23,32
DA:25,3
LF:10
LH:10
BRF:0
BRH:0
end_of_record
TN:
SF:src/supermarket/supermarket.module.ts
FNF:0
FNH:0
DA:1,0
DA:2,0
DA:3,0
DA:4,0
DA:5,0
DA:12,0
LF:6
LH:0
BRF:0
BRH:0
end_of_record
TN:
SF:src/supermarket/supermarket.service.ts
FN:13,(anonymous_4)
FN:22,(anonymous_5)
FN:31,(anonymous_6)
FN:44,(anonymous_7)
FN:57,(anonymous_8)
FN:75,(anonymous_9)
FNF:6
FNH:6
FNDA:9,(anonymous_4)
FNDA:1,(anonymous_5)
FNDA:2,(anonymous_6)
FNDA:1,(anonymous_7)
FNDA:2,(anonymous_8)
FNDA:3,(anonymous_9)
DA:1,1
DA:2,1
DA:3,1
DA:4,1
DA:5,1
DA:8,1
DA:15,9
DA:23,1
DA:32,2
DA:33,2
DA:34,1
DA:35,1
DA:45,1
DA:46,0
DA:47,1
DA:59,2
DA:60,2
DA:61,1
DA:63,1
DA:64,0
DA:66,1
DA:68,1
DA:77,3
DA:79,3
DA:80,1
DA:81,2
LF:26
LH:24
BRDA:33,0,0,1
BRDA:45,1,0,0
BRDA:60,2,0,1
BRDA:63,3,0,0
BRDA:79,4,0,1
BRF:5
BRH:3
end_of_record
